app/build/intermediates/manifest_merge_blame_file/debug/manifest-merger-blame-debug-report.txt
1<?xml version="1.0" encoding="utf-8"?>
2<manifest xmlns:android="http://schemas.android.com/apk/res/android"
3    package="com.example.alarm"
4    android:versionCode="1"
5    android:versionName="1.0" >
6
7    <uses-sdk
8        android:minSdkVersion="24"
8-->src\main\AndroidManifest.xml
9        android:targetSdkVersion="32" />
9-->src\main\AndroidManifest.xml
10
11    <uses-permission android:name="android.permission.INTERNET" />
11-->src\main\AndroidManifest.xml:6:5-67
11-->src\main\AndroidManifest.xml:6:22-64
12
13    <application
13-->src\main\AndroidManifest.xml:8:5-34:19
14        android:name="com.example.alarm.AlarmApplication"
14-->src\main\AndroidManifest.xml:9:9-41
15        android:allowBackup="true"
15-->src\main\AndroidManifest.xml:10:9-35
16        android:appComponentFactory="androidx.core.app.CoreComponentFactory"
16-->[androidx.core:core:1.8.0] AndroidManifest.xml:24:18-86
17        android:dataExtractionRules="@xml/data_extraction_rules"
17-->src\main\AndroidManifest.xml:11:9-65
18        android:debuggable="true"
19        android:extractNativeLibs="false"
20        android:fullBackupContent="@xml/backup_rules"
20-->src\main\AndroidManifest.xml:12:9-54
21        android:icon="@mipmap/ic_launcher"
21-->src\main\AndroidManifest.xml:13:9-43
22        android:label="@string/app_name"
22-->src\main\AndroidManifest.xml:14:9-41
23        android:roundIcon="@mipmap/ic_launcher_round"
23-->src\main\AndroidManifest.xml:15:9-54
24        android:supportsRtl="true"
24-->src\main\AndroidManifest.xml:16:9-35
25        android:testOnly="true"
26        android:theme="@style/Theme.Alarm" >
26-->src\main\AndroidManifest.xml:17:9-43
27        <activity
27-->src\main\AndroidManifest.xml:19:9-33:20
28            android:name="com.example.alarm.home.MainActivity"
28-->src\main\AndroidManifest.xml:20:13-46
29            android:exported="true"
29-->src\main\AndroidManifest.xml:21:13-36
30            android:label="@string/app_name"
30-->src\main\AndroidManifest.xml:22:13-45
31            android:theme="@style/Theme.Alarm" >
31-->src\main\AndroidManifest.xml:23:13-47
32            <intent-filter>
32-->src\main\AndroidManifest.xml:24:13-28:29
33                <action android:name="android.intent.action.MAIN" />
33-->src\main\AndroidManifest.xml:25:17-69
33-->src\main\AndroidManifest.xml:25:25-66
34
35                <category android:name="android.intent.category.LAUNCHER" />
35-->src\main\AndroidManifest.xml:27:17-77
35-->src\main\AndroidManifest.xml:27:27-74
36            </intent-filter>
37
38            <meta-data
38-->src\main\AndroidManifest.xml:30:13-32:36
39                android:name="android.app.lib_name"
39-->src\main\AndroidManifest.xml:31:17-52
40                android:value="" />
40-->src\main\AndroidManifest.xml:32:17-33
41        </activity>
42        <activity
42-->[androidx.compose.ui:ui-tooling:1.1.1] AndroidManifest.xml:25:9-27:39
43            android:name="androidx.compose.ui.tooling.PreviewActivity"
43-->[androidx.compose.ui:ui-tooling:1.1.1] AndroidManifest.xml:26:13-71
44            android:exported="true" />
44-->[androidx.compose.ui:ui-tooling:1.1.1] AndroidManifest.xml:27:13-36
45        <activity
45-->[androidx.compose.ui:ui-test-manifest:1.1.1] AndroidManifest.xml:25:9-27:39
46            android:name="androidx.activity.ComponentActivity"
46-->[androidx.compose.ui:ui-test-manifest:1.1.1] AndroidManifest.xml:26:13-63
47            android:exported="true" />
47-->[androidx.compose.ui:ui-test-manifest:1.1.1] AndroidManifest.xml:27:13-36
48
49        <uses-library
49-->[androidx.window:window:1.0.0] AndroidManifest.xml:25:9-27:40
50            android:name="androidx.window.extensions"
50-->[androidx.window:window:1.0.0] AndroidManifest.xml:26:13-54
51            android:required="false" />
51-->[androidx.window:window:1.0.0] AndroidManifest.xml:27:13-37
52        <uses-library
52-->[androidx.window:window:1.0.0] AndroidManifest.xml:28:9-30:40
53            android:name="androidx.window.sidecar"
53-->[androidx.window:window:1.0.0] AndroidManifest.xml:29:13-51
54            android:required="false" />
54-->[androidx.window:window:1.0.0] AndroidManifest.xml:30:13-37
55
56        <provider
56-->[androidx.profileinstaller:profileinstaller:1.2.0] AndroidManifest.xml:25:9-33:20
57            android:name="androidx.startup.InitializationProvider"
57-->[androidx.profileinstaller:profileinstaller:1.2.0] AndroidManifest.xml:26:13-67
58            android:authorities="com.example.alarm.androidx-startup"
58-->[androidx.profileinstaller:profileinstaller:1.2.0] AndroidManifest.xml:27:13-68
59            android:exported="false" >
59-->[androidx.profileinstaller:profileinstaller:1.2.0] AndroidManifest.xml:28:13-37
60            <meta-data
60-->[androidx.profileinstaller:profileinstaller:1.2.0] AndroidManifest.xml:30:13-32:52
61                android:name="androidx.profileinstaller.ProfileInstallerInitializer"
61-->[androidx.profileinstaller:profileinstaller:1.2.0] AndroidManifest.xml:31:17-85
62                android:value="androidx.startup" />
62-->[androidx.profileinstaller:profileinstaller:1.2.0] AndroidManifest.xml:32:17-49
63        </provider>
64
65        <receiver
65-->[androidx.profileinstaller:profileinstaller:1.2.0] AndroidManifest.xml:35:9-47:20
66            android:name="androidx.profileinstaller.ProfileInstallReceiver"
66-->[androidx.profileinstaller:profileinstaller:1.2.0] AndroidManifest.xml:36:13-76
67            android:directBootAware="false"
67-->[androidx.profileinstaller:profileinstaller:1.2.0] AndroidManifest.xml:37:13-44
68            android:enabled="true"
68-->[androidx.profileinstaller:profileinstaller:1.2.0] AndroidManifest.xml:38:13-35
69            android:exported="true"
69-->[androidx.profileinstaller:profileinstaller:1.2.0] AndroidManifest.xml:39:13-36
70            android:permission="android.permission.DUMP" >
70-->[androidx.profileinstaller:profileinstaller:1.2.0] AndroidManifest.xml:40:13-57
71            <intent-filter>
71-->[androidx.profileinstaller:profileinstaller:1.2.0] AndroidManifest.xml:41:13-43:29
72                <action android:name="androidx.profileinstaller.action.INSTALL_PROFILE" />
72-->[androidx.profileinstaller:profileinstaller:1.2.0] AndroidManifest.xml:42:17-91
72-->[androidx.profileinstaller:profileinstaller:1.2.0] AndroidManifest.xml:42:25-88
73            </intent-filter>
74            <intent-filter>
74-->[androidx.profileinstaller:profileinstaller:1.2.0] AndroidManifest.xml:44:13-46:29
75                <action android:name="androidx.profileinstaller.action.SKIP_FILE" />
75-->[androidx.profileinstaller:profileinstaller:1.2.0] AndroidManifest.xml:45:17-85
75-->[androidx.profileinstaller:profileinstaller:1.2.0] AndroidManifest.xml:45:25-82
76            </intent-filter>
77        </receiver>
78    </application>
79
80</manifest>